=== PreAuth Schema Dump 2026-04-18 12:24:09 ===
RESULT: NO_DATA

--- FRIDA OUTPUT (FULL) ---
     ____
    / _  |   Frida 17.9.1 - A world-class dynamic instrumentation toolkit
   | (_| |
    > _  |   Commands:
   /_/ |_|       help      -> Displays the help system
   . . . .       object?   -> Display information about 'object'
   . . . .       exit/quit -> Exit
   . . . .
   . . . .   More info at https://frida.re/docs/home/
   . . . .
   . . . .   Connected to Local System (id=local)
Attaching...
[v5] base: 0x140000000
[v5] Hooked FUN_146e1c1f0 (injection point)
[v5] Hooked LoginCheck
[v5] Hooked LoginSender
[v5] Hooked LoginFallback
[v5] Ready. Waiting for PreAuth...
[Local::PID::105532 ]-> [v5] PreAuth handler entered, err=0
[v5] FUN_146e1c1f0 returned. loginSM=0x3ea59da0
[v5] Template entry at +0xE0: 0x3ea59ec0
[v5] Template bytes:
  f8 8f 88 43 01 00 00 00 00 00 00 80 00 00 00 00 
  04 00 00 00 00 00 00 00 a8 8e 88 43 01 00 00 00 
  00 00 00 80 00 00 00 00 07 00 00 00 00 00 00 00 
  16 b2 a8 c0 4b 0e 00 00 00 00 00 00 00 00 00 00 
  
[v5] Allocated entry at: 0x1090edca0
[v5] Copied template to entry
[v5] Created config object at 0x1090e17b0 with auth token and transport=1
[v5] Entry bytes: f8 8f 88 43 01 00 00 00 00 00 00 80 00 00 00 00 04 00 00 00 00 00 00 00 b0 17 0e 09 01 00 00 00 
[v5] Before: +0x218=0x0 +0x220=0x0
[v5] Reset +0x18 one-shot flag to 0
[v5] After:  +0x218=0x1090edca0 +0x220=0x1090edcc0
Process terminated

Thank you for using Frida!


--- ORIGIN IPC SERVER ---
d
[Origin] -> Challenge (key=dd87e1eddd2bc4068b67351c20339c40)
[Origin] session seed=25143 key=a85a77f4ace934c17c190a4cf59bf76a
[Origin] -> ChallengeAccepted (session ready)
[Origin] <- DEC: <LSX><Request recipient="EbisuSDK" id="2"><GetConfig version="3"/></Request></LSX>
[Origin] -> ENC: <LSX><Response id="2" sender="EbisuSDK"><GetConfigResponse Config="false"/></Response></LSX>
[Origin] <- DEC: <LSX><Request recipient="" id="3"><GetProfile index="0" version="3"/></Request></LSX>
[Origin] -> ENC: <LSX><Response id="3" sender="EbisuSDK"><GetProfileResponse IsSubscriber="true" PersonaId="33068179" AvatarId="" Country="US" CommerceCountr
[Origin] <- DEC: <LSX><Request recipient="" id="4"><GetSetting SettingId="IS_IGO_ENABLED" version="3"/></Request></LSX>
[Origin] -> ENC: <LSX><Response id="4" sender=""><GetSettingResponse Setting="false"/></Response></LSX>
[Origin] <- DEC: <LSX><Request recipient="" id="5"><GetGameInfo GameInfoId="FREETRIAL" version="3"/></Request></LSX>
[Origin] -> ENC: <LSX><Response id="5" sender=""><GetGameInfoResponse GameInfo="false"/></Response></LSX>
[Origin] <- DEC: <LSX><Request recipient="" id="6"><GetSetting SettingId="ENVIRONMENT" version="3"/></Request></LSX>
[Origin] -> ENC: <LSX><Response id="6" sender=""><GetSettingResponse Setting="production"/></Response></LSX>
[Origin] <- DEC: <LSX><Request recipient="" id="7"><GetSetting SettingId="IS_IGO_AVAILABLE" version="3"/></Request></LSX>
[Origin] -> ENC: <LSX><Response id="7" sender=""><GetSettingResponse Setting="false"/></Response></LSX>
[Origin] <- DEC: <LSX><Request recipient="" id="8"><IsProgressiveInstallationAvailable ItemId="" version="3"/></Request></LSX>
[Origin] -> ENC: <LSX><Response id="8" sender=""><IsProgressiveInstallationAvailableResponse ItemId="" Available="false"/></Response></LSX>
[Origin] -> ENC: <LSX><Event sender="EALS"><Login IsLoggedIn="true"/></Event></LSX>
[Origin] -> pushed Login event (IsLoggedIn=true)
[Origin] <- DEC: <LSX><Request recipient="" id="9"><GetProfile index="0" version="3"/></Request></LSX>
[Origin] -> ENC: <LSX><Response id="9" sender="EbisuSDK"><GetProfileResponse IsSubscriber="true" PersonaId="33068179" AvatarId="" Country="US" CommerceCountr
[Origin] <- DEC: <LSX><Request recipient="" id="10"><GetSetting SettingId="LANGUAGE" version="3"/></Request></LSX>
[Origin] -> ENC: <LSX><Response id="10" sender=""><GetSettingResponse Setting="en_US"/></Response></LSX>
[Origin] <- DEC: <LSX><Request recipient="" id="11"><SetDownloaderUtilization Utilization="1" version="3"/></Request></LSX>
[Origin] -> ENC: <LSX><Response id="11" sender=""><ErrorSuccess Code="0" Description=""/></Response></LSX>
[Origin] <- DEC: <LSX><Request recipient="" id="12"><GetSetting SettingId="ENVIRONMENT" version="3"/></Request></LSX>
[Origin] -> ENC: <LSX><Response id="12" sender=""><GetSettingResponse Setting="production"/></Response></LSX>
[Origin] 127.0.0.1:54239 err: read ECONNRESET
[Origin] 127.0.0.1:54239 closed (12 msgs)

--- BLAZE SERVER ---
n=1
[SSL] Client ChangeCipherSpec received - initializing RC4 decryption
[SSL] RC4 decryption initialized with clientWriteKey: 5a3414dc0b5d29ae207a635ba04993fc
[SSL] Record: type=0x16 ver=0x303 len=36
[SSL] Encrypted handshake record (client Finished): 36 bytes
[SSL] Decrypted client Finished record: 36 bytes
[SSL] Decrypted hex: 1400000c4edcc3b136c14197c6ee6eb89a51e4e0e40c92f80e57f44691387e5e8200251b
[SSL] Client Finished plaintext (16 bytes): 1400000c4edcc3b136c14197c6ee6eb8
[SSL] Client Finished MAC: 9a51e4e0e40c92f80e57f44691387e5e8200251b
[SSL] Client verify_data:   4edcc3b136c14197c6ee6eb8
[SSL] Expected verify_data:  4edcc3b136c14197c6ee6eb8
[SSL]  Client Finished verify_data MATCHES!
[SSL] Expected client MAC: 9a51e4e0e40c92f80e57f44691387e5e8200251b
[SSL] Actual client MAC:   9a51e4e0e40c92f80e57f44691387e5e8200251b
[SSL]  Client Finished MAC MATCHES!
[SSL] Sent server ChangeCipherSpec
[SSL] Server Finished hash input: 6 messages, total 1038 bytes
[SSL]   msg[0]: 111 bytes, starts=0x1
[SSL]   msg[1]: 74 bytes, starts=0x2
[SSL]   msg[2]: 699 bytes, starts=0xb
[SSL]   msg[3]: 4 bytes, starts=0xe
[SSL]   msg[4]: 134 bytes, starts=0x10
[SSL]   msg[5]: 16 bytes, starts=0x14
[SSL] Server verify_data: a8d2bbb65682e186a5f17a53
[SSL] Sent encrypted server Finished
[SSL] === HANDSHAKE COMPLETE === Waiting for Blaze data...
[SSL-DATA] Received 908 bytes on socket (total pending: 908)
[SSL] TLS record: type=0x17 ver=0x303 len=903 (pending: 908)
[SSL] Decrypted 883 bytes of application data
[SSL] Raw app data (883b): 50 4f 53 54 20 2f 72 65 64 69 72 65 63 74 6f 72 2f 67 65 74 53 65 72 76 65 72 49 6e 73 74 61 6e
[HTTP-Blaze] Request:
POST /redirector/getServerInstance HTTP/1.1
Host: winter15.gosredirector.ea.com:42230
Content-Length: 671
Connection: Close
User-Agent: ProtoHttp 1.3/DS 15.1.2.1.0 (Windows)
Content-Type: application/xml

<?xml version="1.0" encoding="UTF-8"?>
<serverinstancerequest>
  <blazesdkversion>15.1.1.3.0</blazesdkversion>
  <blazesdkbuilddate>Jun  9 2017 16:15:59</blazesdkbuilddate>
  <clientname>FIFA17</clientname>
  <clienttype>CLIENT_TYPE_GAMEPLAY_USER</clienttype>
  <clientplatform>pc</client
[HTTP-Blaze] POST /redirector/getServerInstance (body: 671 bytes)
[HTTP-Blaze] GetServerInstance -> 127.0.0.1:10041
[HTTP-Blaze] secure=0
[HTTP-Blaze] Response (417 bytes):
HTTP/1.1 200 OK
Content-Type: application/xml
Content-Length: 322
Connection: keep-alive

<?xml version="1.0" encoding="UTF-8"?>
<serverinstanceinfo>
  <address member="0">
    <valu>
      <hostname>127.0.0.1</hostname>
      <ip>2130706433</ip>
      <port>10041</port>
    </valu>
  </address
[HTTP-Blaze] Sent encrypted HTTP response
[SSL-DATA] Received 27 bytes on socket (total pending: 27)
[SSL] TLS record: type=0x15 ver=0x303 len=22 (pending: 27)
[SSL] Record type 0x15 (alert?), raw body (22 bytes): ef 56 e5 12 c3 67 a8 c6 18 61 db ea f7 28 ae b6 d3 26 2e 17 51 83
[SSL] Alert decrypted: 01 00
[SSL] Alert MAC match: true
[SSL] Alert: level=1 desc=0
[Redirector-Raw] Disconnected: 127.0.0.1:54263
[SSL-CONN] Socket closed
[Main] Session 1 connected: 127.0.0.1:54264
[Main] S1: received 225 bytes (total: 225)
[Main]   0000: 00 00 00 d1 00 00 00 09 00 07 00 00 00 00 00 00  ................
[Main]   0010: 8e 48 74 03 a6 9d 2f 00 00 b2 1b a7 00 93 d5 f2  .Ht.../.........
[Main]   0020: d6 0c cf 68 ee 01 13 66 69 66 61 2d 32 30 31 37  ...h...fifa-2017
[Main]   0030: 2d 70 63 2d 74 72 69 61 6c 00 d3 9c 25 00 00 00  -pc-trial...%...
[Main] S1: Raw Blaze binary detected
[Main] S1: comp=0x0009 cmd=0x0007 len=209 msgId=0
[Main] S1: -> PreAuth
[PreAuth] Variant: full
[PreAuth] Request TDF:
[PreAuth]   CDAT (struct) {
[PreAuth]     IITO (int) = 0
[PreAuth]     LANG (int) = 1701729619
[PreAuth]     SVCN (str) = "fifa-2017-pc-trial"
[PreAuth]     TYPE (int) = 0
[PreAuth]   }
[PreAuth]   CINF (struct) {
[PreAuth]     BSDK (str) = "15.1.1.3.0"
[PreAuth]     BTIM (str) = "Jun  9 2017 16:15:40"
[PreAuth]     CLNT (str) = "FIFA17"
[PreAuth]     CPFT (int) = 4
[PreAuth]     CSKU (str) = "FIFAPC"
[PreAuth]     CVER (str) = "3175939"
[PreAuth]     DSDK (str) = "15.1.2.1.0"
[PreAuth]     ENV  (str) = "prod"
[PreAuth]     LOC  (int) = 1701729619
[PreAuth]     PTVR (str) = "1.1"
[PreAuth]   }
[PreAuth]   FCCR (struct) {
[PreAuth]     CFID (str) = "BlazeSDK"
[PreAuth]   }
[PreAuth]   LADD (int) = 380807360
[PreAuth] Sending FIFA17 PreAuth response (641 bytes)  Blaze3SDK schema
[Main] S1: Sending response (657 bytes)
[Main] S1: header: 00 00 02 81 00 00 00 09 00 07 00 00 00 20 00 00
[Main] S1: Sending proactive SilentLogin notification after PreAuth
[Main] S1: SilentLogin notification sent (164 bytes)
[Main] S1: comp=0x0009 cmd=0x0002 len=0 msgId=1
[Main] S1: Sending response (26 bytes)
[Main] S1: header: 00 00 00 0a 00 00 00 09 00 02 00 00 01 20 00 00
[Main] S1 error: read ECONNRESET
[Main] S1 disconnected
[LOG] Saved: S1 disconnect

--- DLL LOG ---
ANDLER: first 128 bytes:
[12:22:34.223]   +00: 48 89 5C 24 08 48 89 74 24 10 55 57 41 56 48 8D
[12:22:34.223]   +10: 6C 24 B9 48 81 EC 90 00 00 00 44 89 C6 49 89 D6
[12:22:34.223]   +20: 48 89 CB 45 85 C0 74 4A 48 8B 41 10 48 83 C1 10
[12:22:34.223]   +30: FF 50 10 84 C0 0F 84 CE 02 00 00 48 8B 4B 08 31
[12:22:34.223]   +40: FF 4C 8D 0D A8 CA FF FF 89 7C 24 38 48 89 5C 24
[12:22:34.223]   +50: 30 48 8D 55 F7 48 81 C1 08 0C 00 00 49 89 D8 89
[12:22:34.223]   +60: 74 24 28 89 74 24 20 E8 F4 B1 FF FF E9 98 02 00
[12:22:34.223]   +70: 00 88 80 65 F7 FC 48 8D 8A B8 00 00 00 4C 8D 45
[12:22:34.223] PREAUTH_HANDLER: Cave at 00000000004F0000, 44 bytes (XOR R8D + trampoline)
[12:22:34.223] PATCHED: FUN_146e1cf10 -> XOR R8D,R8D trampoline (always success path)
[12:22:34.223] CONNECT-HOOK: Patched DAT_148e223d8 at 484 ms (real=00007FFD6EB11A50)
[12:22:34.223] ORIGIN_CHECK_ONLINE: addr=00000001470E0390 bytes=41 56 48 83
[12:22:34.223] PATCHED: FUN_1470e0390 (OriginCheckOnline) -> always online
[12:22:34.223] GET_GAME_VERSION: addr=00000001470DA720 bytes=48 89 5C 24
[12:22:34.223] PATCHED: FUN_1470da720 (GetGameVersion) -> return 0
[12:22:34.223] VERSION_CMP: addr=0000000145E280B0 bytes=49 89 D1 49
[12:22:34.223] PATCHED: FUN_145e280b0 (version compare) -> always match
[12:22:34.388] PATCHED: Origin SDK check at 00000001470A8430
[12:22:34.388] All patches in 656 ms
[12:22:34.388] patches: 9 (cert=1 orig=1 auth=1 flag=1 login=2)
[12:22:34.388] AUTH: Checking login gate globals...
[12:22:34.388] AUTH: DAT_144b86bf8 = 0x1D0000 (Origin SDK manager)
[12:22:34.388] AUTH: DAT_144b86bdf = 0 (error flag)
[12:22:34.388] AUTH: Polling for slot to clear + forcing 0x53f flag...
[12:22:34.612] CONNECT-HOOK: Redirecting 127.0.0.1:4216 -> 127.0.0.1:3216
[12:22:40.022] AUTH: Slot cleared at 5600 ms
[12:22:40.022] AUTH: OnlineMgr=0x3EBD3E70
[12:22:40.022] AUTH: slot=0x0 cave=0
[12:22:40.022] AUTH: Using fake vtable (real not captured)
[12:22:40.022] AUTH: Injected fake request 000000005D3D0000 into slot
[12:22:40.122] AUTH: cave=1 slot=0x0
[12:22:40.122] AUTH: >>> CAVE EXECUTED! Auth code provided! <<<
[12:22:40.122] AUTH: req[+0xd8]=0x99C9D38 req[+0xe8]=1
[12:22:40.122] AUTH: state=2. Auth ready.
[12:22:40.122] AUTH: OnlineMgr+0xb10 = 0x3EBDA6E0
[12:22:40.122] AUTH: +0xb10+0xf8 (BlazeHub) = 0x3EBDA960
[12:22:40.122] AUTH: Scanning BlazeHub for ConnectionManager pointers...
[12:22:40.122] AUTH: Found 0 objects with vtables in BlazeHub
[12:22:40.122] AUTH: BlazeHub(000000003EBDA960)+0x53f = 1
[12:22:40.122] AUTH: Applying OSDK patches (post-load)...
[12:22:40.122] PATCHED: GetProfileSync -> return 0 (post-load)
[12:22:40.122] PATCHED: GetSettingSync -> return 0 (post-load)
[12:22:40.122] PATCHED: SetPresence -> return 0 (post-load)
[12:22:40.122] PATCHED: FUN_1472d62a0 (OSDK Logout) -> RET
[12:22:40.122] PATCHED: FUN_14717d5d0 (age check) -> always pass
[12:22:40.122] AUTH: Starting continuous flag enforcer (+0x53f + connState)...

