     ____
    / _  |   Frida 17.9.1 - A world-class dynamic instrumentation toolkit
   | (_| |
    > _  |   Commands:
   /_/ |_|       help      -> Displays the help system
   . . . .       object?   -> Display information about 'object'
   . . . .       exit/quit -> Exit
   . . . .
   . . . .   More info at https://frida.re/docs/home/
   . . . .
   . . . .   Connected to Local System (id=local)
Attaching...
[v5] base: 0x140000000
[v5] Hooked FUN_146e1c1f0 (injection point)
[v5] Ready. Waiting for PreAuth...
[Local::PID::87820 ]-> [v5] PreAuth handler entered, err=0
[v5] LoginTypesProcessor entered
[v5] FUN_146e1c1f0 returned. loginSM=0x2
[v5] Injection error: Error: access violation accessing 0xe2
[v5] LoginTypesProcessor returned
[v5] RPC SEND comp=0x1 cmd=0x0
[v5] RPC SEND comp=0x1 cmd=0x0
[v5] RPC SEND comp=0x1 cmd=0x0
[v5] RPC SEND comp=0x1 cmd=0x0
[v5] RPC SEND comp=0x1 cmd=0x0
[v5] RPC SEND comp=0x1 cmd=0x0
