     ____
    / _  |   Frida 17.9.1 - A world-class dynamic instrumentation toolkit
   | (_| |
    > _  |   Commands:
   /_/ |_|       help      -> Displays the help system
   . . . .       object?   -> Display information about 'object'
   . . . .       exit/quit -> Exit
   . . . .
   . . . .   More info at https://frida.re/docs/home/
   . . . .
   . . . .   Connected to Local System (id=local)
Attaching...
=== FIFA 17 Login Type Injector ===
[      0] Patched FUN_146e00f40 (OSDK screen) -> RET
[      0] Successfully replaced FUN_146e1dae0 (LoginCheck)
[      0] All hooks installed. Waiting for PreAuth...
[Local::PID::109720 ]-> [  22256] RPC: 5:0x11
[  22606] RPC: PreAuth
[  22623] PreAuthHandler(err=0)
[  22623] RPC: Ping
[  22623] LoginTypesProcessor(loginSM=0x3eb39da0)
[  22625] LoginTypesProcessor done
[  22625] PreAuthHandler done
[  22707] RPC: FetchClientConfig
[  22707] RPC: FetchClientConfig
[  22707] RPC: FetchClientConfig
[  22707] RPC: FetchClientConfig
[  22707] RPC: FetchClientConfig
[  22707] RPC: FetchClientConfig
[  52872] \u26a0\ufe0f Logout RPC sent
[  52890] SM_Transition(newState=0 reason=-1)
[  59341] RPC: FetchClientConfig
[  59341] RPC: FetchClientConfig
[  59341] RPC: FetchClientConfig
[  59341] RPC: FetchClientConfig
[  59341] RPC: FetchClientConfig
[  59341] RPC: FetchClientConfig
[  89490] \u26a0\ufe0f Logout RPC sent
[  89507] SM_Transition(newState=0 reason=-1)
