========================================================================
FIFA 17 LOGIN TYPE INJECTION RESULTS
Run: 2026-04-17 20:50:28
========================================================================

--- FRIDA OUTPUT ---
     ____
    / _  |   Frida 17.9.1 - A world-class dynamic instrumentation toolkit
   | (_| |
    > _  |   Commands:
   /_/ |_|       help      -> Displays the help system
   . . . .       object?   -> Display information about 'object'
   . . . .       exit/quit -> Exit
   . . . .
   . . . .   More info at https://frida.re/docs/home/
   . . . .
   . . . .   Connected to Local System (id=local)
Attaching...
=== v22: Passive observer (no injection) ===
[      0] Ready. Testing fixed PreAuth response (Blaze3SDK schema)...
[Local::PID::94676 ]-> [  22643] PreAuth
[  22658] PreAuthHandler(err=0)
[  22658] LoginTypesProcessor
[  22658]   parent+0x53f = 1
[  22658] LoginCheck: array count=0
[  22658] LoginCheck returned 0x0
[  22658] \u26a0\ufe0f LoginFallback (no login types)
[  22660] LoginTypesProcessor done
[  22660] PreAuthHandler done
[  52908] AUTH: Logout
[  52924] SM(0,-1)
[  89507] AUTH: Logout
[  89523] SM(0,-1)


--- FRIDA ERRORS ---


--- ORIGIN IPC SERVER (last 5000) ---
[Origin] IPC server listening on 127.0.0.1:3216
[Origin] session key algorithm: seed = ASCII(accepted[0..1]), key = deriveKey(seed)
[Origin] 127.0.0.1:51413 connected
[Origin] -> Challenge (key=075858ed99e08f4edc1a5633e46f8297)
[Origin] session seed=26162 key=a70c3e39842238d45ae84ea00fbd2d25
[Origin] -> ChallengeAccepted (session ready)
[Origin] <- DEC: <LSX><Request recipient="EbisuSDK" id="2"><GetConfig version="3"/></Request></LSX>
[Origin] -> ENC: <LSX><Response id="2" sender="EbisuSDK"><GetConfigResponse Config="false"/></Response></LSX>
[Origin] <- DEC: <LSX><Request recipient="" id="3"><GetProfile index="0" version="3"/></Request></LSX>
[Origin] -> ENC: <LSX><Response id="3" sender="EbisuSDK"><GetProfileResponse IsSubscriber="true" PersonaId="33068179" AvatarId="" Country="US" CommerceCountr
[Origin] <- DEC: <LSX><Request recipient="" id="4"><GetSetting SettingId="IS_IGO_ENABLED" version="3"/></Request></LSX>
[Origin] -> ENC: <LSX><Response id="4" sender=""><GetSettingResponse Setting="false"/></Response></LSX>
[Origin] <- DEC: <LSX><Request recipient="" id="5"><GetGameInfo GameInfoId="FREETRIAL" version="3"/></Request></LSX>
[Origin] -> ENC: <LSX><Response id="5" sender=""><GetGameInfoResponse GameInfo="false"/></Response></LSX>
[Origin] <- DEC: <LSX><Request recipient="" id="6"><GetSetting SettingId="ENVIRONMENT" version="3"/></Request></LSX>
[Origin] -> ENC: <LSX><Response id="6" sender=""><GetSettingResponse Setting="production"/></Response></LSX>
[Origin] <- DEC: <LSX><Request recipient="" id="7"><GetSetting SettingId="IS_IGO_AVAILABLE" version="3"/></Request></LSX>
[Origin] -> ENC: <LSX><Response id="7" sender=""><GetSettingResponse Setting="false"/></Response></LSX>
[Origin] <- DEC: <LSX><Request recipient="" id="8"><IsProgressiveInstallationAvailable ItemId="" version="3"/></Request></LSX>
[Origin] -> ENC: <LSX><Response id="8" sender=""><IsProgressiveInstallationAvailableResponse ItemId="" Available="false"/></Response></LSX>
[Origin] -> ENC: <LSX><Event sender="EALS"><Login IsLoggedIn="true"/></Event></LSX>
[Origin] -> pushed Login event (IsLoggedIn=true)
[Origin] <- DEC: <LSX><Request recipient="" id="9"><GetProfile index="0" version="3"/></Request></LSX>
[Origin] -> ENC: <LSX><Response id="9" sender="EbisuSDK"><GetProfileResponse IsSubscriber="true" PersonaId="33068179" AvatarId="" Country="US" CommerceCountr
[Origin] <- DEC: <LSX><Request recipient="" id="10"><GetSetting SettingId="LANGUAGE" version="3"/></Request></LSX>
[Origin] -> ENC: <LSX><Response id="10" sender=""><GetSettingResponse Setting="en_US"/></Response></LSX>
[Origin] <- DEC: <LSX><Request recipient="" id="11"><SetDownloaderUtilization Utilization="1" version="3"/></Request></LSX>
[Origin] -> ENC: <LSX><Response id="11" sender=""><ErrorSuccess Code="0" Description=""/></Response></LSX>
[Origin] <- DEC: <LSX><Request recipient="" id="12"><GetSetting SettingId="ENVIRONMENT" version="3"/></Request></LSX>
[Origin] -> ENC: <LSX><Response id="12" sender=""><GetSettingResponse Setting="production"/></Response></LSX>

--- BLAZE SERVER (last 10000) ---
aiting_client_response, received 47 bytes (total pending: 47)
  0000: 14 03 03 00 01 01 16 03 03 00 24 29 cd a0 92 fc
  0010: 84 91 b6 97 f2 fa 7d 93 d4 be 10 f3 6c 1f 09 7d
  0020: a4 f6 14 84 56 0f af 1a 75 7b c7 e2 aa ad 57
[SSL] Record: type=0x14 ver=0x303 len=1
[SSL] Client ChangeCipherSpec received - initializing RC4 decryption
[SSL] RC4 decryption initialized with clientWriteKey: 026380e74d45a7786b837d2d8132e630
[SSL] Record: type=0x16 ver=0x303 len=36
[SSL] Encrypted handshake record (client Finished): 36 bytes
[SSL] Decrypted client Finished record: 36 bytes
[SSL] Decrypted hex: 1400000cfe258faae5df3918307d5d96330718429e7daf137f4e9fd39989648b0cb0c456
[SSL] Client Finished plaintext (16 bytes): 1400000cfe258faae5df3918307d5d96
[SSL] Client Finished MAC: 330718429e7daf137f4e9fd39989648b0cb0c456
[SSL] Client verify_data:   fe258faae5df3918307d5d96
[SSL] Expected verify_data:  fe258faae5df3918307d5d96
[SSL]  Client Finished verify_data MATCHES!
[SSL] Expected client MAC: 330718429e7daf137f4e9fd39989648b0cb0c456
[SSL] Actual client MAC:   330718429e7daf137f4e9fd39989648b0cb0c456
[SSL]  Client Finished MAC MATCHES!
[SSL] Sent server ChangeCipherSpec
[SSL] Server Finished hash input: 6 messages, total 1038 bytes
[SSL]   msg[0]: 111 bytes, starts=0x1
[SSL]   msg[1]: 74 bytes, starts=0x2
[SSL]   msg[2]: 699 bytes, starts=0xb
[SSL]   msg[3]: 4 bytes, starts=0xe
[SSL]   msg[4]: 134 bytes, starts=0x10
[SSL]   msg[5]: 16 bytes, starts=0x14
[SSL] Server verify_data: 8f89df35b8372fa0b6142433
[SSL] Sent encrypted server Finished
[SSL] === HANDSHAKE COMPLETE === Waiting for Blaze data...
[SSL-DATA] Received 908 bytes on socket (total pending: 908)
[SSL] TLS record: type=0x17 ver=0x303 len=903 (pending: 908)
[SSL] Decrypted 883 bytes of application data
[SSL] Raw app data (883b): 50 4f 53 54 20 2f 72 65 64 69 72 65 63 74 6f 72 2f 67 65 74 53 65 72 76 65 72 49 6e 73 74 61 6e
[HTTP-Blaze] Request:
POST /redirector/getServerInstance HTTP/1.1
Host: winter15.gosredirector.ea.com:42230
Content-Length: 671
Connection: Close
User-Agent: ProtoHttp 1.3/DS 15.1.2.1.0 (Windows)
Content-Type: application/xml

<?xml version="1.0" encoding="UTF-8"?>
<serverinstancerequest>
  <blazesdkversion>15.1.1.3.0</blazesdkversion>
  <blazesdkbuilddate>Jun  9 2017 16:15:59</blazesdkbuilddate>
  <clientname>FIFA17</clientname>
  <clienttype>CLIENT_TYPE_GAMEPLAY_USER</clienttype>
  <clientplatform>pc</client
[HTTP-Blaze] POST /redirector/getServerInstance (body: 671 bytes)
[HTTP-Blaze] GetServerInstance -> 127.0.0.1:10041
[HTTP-Blaze] secure=0
[HTTP-Blaze] Response (417 bytes):
HTTP/1.1 200 OK
Content-Type: application/xml
Content-Length: 322
Connection: keep-alive

<?xml version="1.0" encoding="UTF-8"?>
<serverinstanceinfo>
  <address member="0">
    <valu>
      <hostname>127.0.0.1</hostname>
      <ip>2130706433</ip>
      <port>10041</port>
    </valu>
  </address
[HTTP-Blaze] Sent encrypted HTTP response
[SSL-DATA] Received 27 bytes on socket (total pending: 27)
[SSL] TLS record: type=0x15 ver=0x303 len=22 (pending: 27)
[SSL] Record type 0x15 (alert?), raw body (22 bytes): 0e e9 83 9d 36 32 c8 80 52 07 92 1b d8 16 b5 7a 25 27 a3 1c c0 47
[SSL] Alert decrypted: 01 00
[SSL] Alert MAC match: true
[SSL] Alert: level=1 desc=0
[Redirector-Raw] Disconnected: 127.0.0.1:51426
[SSL-CONN] Socket closed
[Main] Session 1 connected: 127.0.0.1:51427
[Main] S1: received 225 bytes (total: 225)
[Main]   0000: 00 00 00 d1 00 00 00 09 00 07 00 00 00 00 00 00  ................
[Main]   0010: 8e 48 74 03 a6 9d 2f 00 00 b2 1b a7 00 93 d5 f2  .Ht.../.........
[Main]   0020: d6 0c cf 68 ee 01 13 66 69 66 61 2d 32 30 31 37  ...h...fifa-2017
[Main]   0030: 2d 70 63 2d 74 72 69 61 6c 00 d3 9c 25 00 00 00  -pc-trial...%...
[Main] S1: Raw Blaze binary detected
[Main] S1: comp=0x0009 cmd=0x0007 len=209 msgId=0
[Main] S1: -> PreAuth
[PreAuth] Variant: full
[PreAuth] Request TDF:
[PreAuth]   CDAT (struct) {
[PreAuth]     IITO (int) = 0
[PreAuth]     LANG (int) = 1701729619
[PreAuth]     SVCN (str) = "fifa-2017-pc-trial"
[PreAuth]     TYPE (int) = 0
[PreAuth]   }
[PreAuth]   CINF (struct) {
[PreAuth]     BSDK (str) = "15.1.1.3.0"
[PreAuth]     BTIM (str) = "Jun  9 2017 16:15:40"
[PreAuth]     CLNT (str) = "FIFA17"
[PreAuth]     CPFT (int) = 4
[PreAuth]     CSKU (str) = "FIFAPC"
[PreAuth]     CVER (str) = "3175939"
[PreAuth]     DSDK (str) = "15.1.2.1.0"
[PreAuth]     ENV  (str) = "prod"
[PreAuth]     LOC  (int) = 1701729619
[PreAuth]     PTVR (str) = "1.1"
[PreAuth]   }
[PreAuth]   FCCR (struct) {
[PreAuth]     CFID (str) = "BlazeSDK"
[PreAuth]   }
[PreAuth]   LADD (int) = 380807360
[PreAuth] Sending FIFA17 PreAuth response (641 bytes)  Blaze3SDK schema
[Main] S1: Sending response (657 bytes)
[Main] S1: header: 00 00 02 81 00 00 00 09 00 07 00 00 00 20 00 00
[Main] S1: Sending proactive SilentLogin notification after PreAuth
[Main] S1: SilentLogin notification sent (164 bytes)
[Main] S1: comp=0x0009 cmd=0x0002 len=0 msgId=1
[Main] S1: Sending response (26 bytes)
[Main] S1: header: 00 00 00 0a 00 00 00 09 00 02 00 00 01 20 00 00
[Main] S1: comp=0x0009 cmd=0x0001 len=15 msgId=2
[Main] S1: -> FetchClientConfig: CFID (str) = "OSDK_CORE"
[FetchClientConfig] CFID="OSDK_CORE"
[FetchClientConfig] Responding with 5 config entries
[Main] S1: Sending response (151 bytes)
[Main] S1: header: 00 00 00 87 00 00 00 09 00 01 00 00 02 20 00 00
[Main] S1: comp=0x0009 cmd=0x0001 len=17 msgId=3
[Main] S1: -> FetchClientConfig: CFID (str) = "OSDK_CLIENT"
[FetchClientConfig] CFID="OSDK_CLIENT"
[FetchClientConfig] Responding with 4 config entries
[Main] S1: Sending response (101 bytes)
[Main] S1: header: 00 00 00 55 00 00 00 09 00 01 00 00 03 20 00 00
[Main] S1: comp=0x0009 cmd=0x0001 len=18 msgId=4
[Main] S1: -> FetchClientConfig: CFID (str) = "OSDK_NUCLEUS"
[FetchClientConfig] CFID="OSDK_NUCLEUS"
[FetchClientConfig] Responding with 3 config entries
[Main] S1: Sending response (137 bytes)
[Main] S1: header: 00 00 00 79 00 00 00 09 00 01 00 00 04 20 00 00
[Main] S1: comp=0x0009 cmd=0x0001 len=19 msgId=5
[Main] S1: -> FetchClientConfig: CFID (str) = "OSDK_WEBOFFER"
[FetchClientConfig] CFID="OSDK_WEBOFFER"
[FetchClientConfig] Responding with 1 config entries
[Main] S1: Sending response (62 bytes)
[Main] S1: header: 00 00 00 2e 00 00 00 09 00 01 00 00 05 20 00 00
[Main] S1: comp=0x0009 cmd=0x0001 len=26 msgId=6
[Main] S1: -> FetchClientConfig: CFID (str) = "OSDK_ABUSE_REPORTING"
[FetchClientConfig] CFID="OSDK_ABUSE_REPORTING"
[FetchClientConfig] Responding with 1 config entries
[Main] S1: Sending response (35 bytes)
[Main] S1: header: 00 00 00 13 00 00 00 09 00 01 00 00 06 20 00 00
[Main] S1: comp=0x0009 cmd=0x0001 len=30 msgId=7
[Main] S1: -> FetchClientConfig: CFID (str) = "OSDK_XMS_ABUSE_REPORTING"
[FetchClientConfig] CFID="OSDK_XMS_ABUSE_REPORTING"
[FetchClientConfig] Responding with 1 config entries
[Main] S1: Sending response (35 bytes)
[Main] S1: header: 00 00 00 13 00 00 00 09 00 01 00 00 07 20 00 00
[Main] S1: comp=0x0000 cmd=0x0000 len=0 msgId=8
[Main] S1: -> Ping (msgId=8), sending pong
[Main] S1: comp=0x0000 cmd=0x0000 len=0 msgId=9
[Main] S1: -> Ping (msgId=9), sending pong
[Main] S1: comp=0x0001 cmd=0x0046 len=0 msgId=10
[Main] S1: -> Auth cmd=0x46 (Logout)
[Main] S1: -> Logout (ack with empty response)
[Main] S1: Sending response (16 bytes)
[Main] S1: header: 00 00 00 00 00 00 00 01 00 46 00 00 0a 20 00 00
[Main] S1: comp=0x0009 cmd=0x0001 len=15 msgId=11
[Main] S1: -> FetchClientConfig: CFID (str) = "OSDK_CORE"
[FetchClientConfig] CFID="OSDK_CORE"
[FetchClientConfig] Responding with 5 config entries
[Main] S1: Sending response (151 bytes)
[Main] S1: header: 00 00 00 87 00 00 00 09 00 01 00 00 0b 20 00 00
[Main] S1: comp=0x0009 cmd=0x0001 len=17 msgId=12
[Main] S1: -> FetchClientConfig: CFID (str) = "OSDK_CLIENT"
[FetchClientConfig] CFID="OSDK_CLIENT"
[FetchClientConfig] Responding with 4 config entries
[Main] S1: Sending response (101 bytes)
[Main] S1: header: 00 00 00 55 00 00 00 09 00 01 00 00 0c 20 00 00
[Main] S1: comp=0x0009 cmd=0x0001 len=18 msgId=13
[Main] S1: -> FetchClientConfig: CFID (str) = "OSDK_NUCLEUS"
[FetchClientConfig] CFID="OSDK_NUCLEUS"
[FetchClientConfig] Responding with 3 config entries
[Main] S1: Sending response (137 bytes)
[Main] S1: header: 00 00 00 79 00 00 00 09 00 01 00 00 0d 20 00 00
[Main] S1: comp=0x0009 cmd=0x0001 len=19 msgId=14
[Main] S1: -> FetchClientConfig: CFID (str) = "OSDK_WEBOFFER"
[FetchClientConfig] CFID="OSDK_WEBOFFER"
[FetchClientConfig] Responding with 1 config entries
[Main] S1: Sending response (62 bytes)
[Main] S1: header: 00 00 00 2e 00 00 00 09 00 01 00 00 0e 20 00 00
[Main] S1: comp=0x0009 cmd=0x0001 len=26 msgId=15
[Main] S1: -> FetchClientConfig: CFID (str) = "OSDK_ABUSE_REPORTING"
[FetchClientConfig] CFID="OSDK_ABUSE_REPORTING"
[FetchClientConfig] Responding with 1 config entries
[Main] S1: Sending response (35 bytes)
[Main] S1: header: 00 00 00 13 00 00 00 09 00 01 00 00 0f 20 00 00
[Main] S1: comp=0x0009 cmd=0x0001 len=30 msgId=16
[Main] S1: -> FetchClientConfig: CFID (str) = "OSDK_XMS_ABUSE_REPORTING"
[FetchClientConfig] CFID="OSDK_XMS_ABUSE_REPORTING"
[FetchClientConfig] Responding with 1 config entries
[Main] S1: Sending response (35 bytes)
[Main] S1: header: 00 00 00 13 00 00 00 09 00 01 00 00 10 20 00 00
[Main] S1: comp=0x0000 cmd=0x0000 len=0 msgId=17
[Main] S1: -> Ping (msgId=17), sending pong
[Main] S1: comp=0x0000 cmd=0x0000 len=0 msgId=18
[Main] S1: -> Ping (msgId=18), sending pong
[Main] S1: comp=0x0001 cmd=0x0046 len=0 msgId=19
[Main] S1: -> Auth cmd=0x46 (Logout)
[Main] S1: -> Logout (ack with empty response)
[Main] S1: Sending response (16 bytes)
[Main] S1: header: 00 00 00 00 00 00 00 01 00 46 00 00 13 20 00 00
[Main] S1: comp=0x0000 cmd=0x0000 len=0 msgId=20
[Main] S1: -> Ping (msgId=20), sending pong

--- DLL LOG (last 5000) ---
[20:48:36.498] EARLY: Fake SDK object at 00000000001D0000, vtable at 00000000001C0000
[20:48:36.498] EARLY: DAT_144b86bf8 = 0x1D0000 (set BEFORE game init)
[20:48:36.498] === FIFA 17 v96 (EARLY SDK object in DllMain + all patches) ===
[20:48:36.498] PID: 94676
[20:48:36.656] PATCHED: cert bypass at 000000014613244B
[20:48:36.824] AUTH: call site at 0000000146F19A11, target FUN_1470db3c0 at 00000001470DB3C0
[20:48:36.824] PATCHED: FUN_1470db3c0 body -> fake auth code
[20:48:36.865] PATCHED: auth flag at 00000001473CE785
[20:48:36.911] PATCHED: IsLoggedIntoEA -> true
[20:48:36.911] PATCHED: IsLoggedIntoNetwork -> true
[20:48:36.985] SDK GATE: addr=00000001471A5DA0 bytes=48 83 3D 50
[20:48:36.985] PATCHED: SDK gate -> always 1
[20:48:36.997] LOGIN Login: vtable=000000014389F938 [+0x10]=0x146E156A0 bytes=48 8B 41
[20:48:36.997] PATCHED: Login vtable check -> return 1
[20:48:36.997] LOGIN SilentLogin: vtable=000000014389FA70 [+0x10]=0x146E156A0 bytes=B0 01 C3
[20:48:36.997] LOGIN SilentLogin: already patched
[20:48:36.997] LOGIN ExpressLogin: vtable=000000014389FB98 [+0x10]=0x146E156A0 bytes=B0 01 C3
[20:48:36.997] LOGIN ExpressLogin: already patched
[20:48:36.997] PREAUTH_COMPLETION: addr=0000000146E19A00 bytes=48 89 5C 24
[20:48:36.997] PATCHED: FUN_146e19a00 -> immediate RET (no disconnect/cleanup)
[20:48:36.997] PREAUTH_HANDLER: first 128 bytes:
[20:48:36.997]   +00: 48 89 5C 24 08 48 89 74 24 10 55 57 41 56 48 8D
[20:48:36.997]   +10: 6C 24 B9 48 81 EC 90 00 00 00 44 89 C6 49 89 D6
[20:48:36.997]   +20: 48 89 CB 45 85 C0 74 4A 48 8B 41 10 48 83 C1 10
[20:48:36.997]   +30: FF 50 10 84 C0 0F 84 CE 02 00 00 48 8B 4B 08 31
[20:48:36.997]   +40: FF 4C 8D 0D A8 CA FF FF 89 7C 24 38 48 89 5C 24
[20:48:36.997]   +50: 30 48 8D 55 F7 48 81 C1 08 0C 00 00 49 89 D8 89
[20:48:36.997]   +60: 74 24 28 89 74 24 20 E8 F4 B1 FF FF E9 98 02 00
[20:48:36.997]   +70: 00 88 80 65 F7 FC 48 8D 8A B8 00 00 00 4C 8D 45
[20:48:36.997] PREAUTH_HANDLER: Cave at 0000000000560000, 44 bytes (XOR R8D + trampoline)
[20:48:36.997] PATCHED: FUN_146e1cf10 -> XOR R8D,R8D trampoline (always success path)
[20:48:36.997] CONNECT-HOOK: Patched DAT_148e223d8 at 500 ms (real=00007FFD6EB11A50)
[20:48:36.997] ORIGIN_CHECK_ONLINE: addr=00000001470E0390 bytes=41 56 48 83
[20:48:36.997] PATCHED: FUN_1470e0390 (OriginCheckOnline) -> always online
[20:48:36.997] GET_GAME_VERSION: addr=00000001470DA720 bytes=48 89 5C 24
[20:48:36.997] PATCHED: FUN_1470da720 (GetGameVersion) -> return 0
[20:48:36.997] VERSION_CMP: addr=0000000145E280B0 bytes=49 89 D1 49
[20:48:36.997] PATCHED: FUN_145e280b0 (version compare) -> always match
[20:48:37.163] PATCHED: Origin SDK check at 00000001470A8430
[20:48:37.163] All patches in 657 ms
[20:48:37.163] patches: 9 (cert=1 orig=1 auth=1 flag=1 login=2)
[20:48:37.163] AUTH: Checking login gate globals...
[20:48:37.163] AUTH: DAT_144b86bf8 = 0x1D0000 (Origin SDK manager)
[20:48:37.163] AUTH: DAT_144b86bdf = 0 (error flag)
[20:48:37.163] AUTH: Polling for slot to clear + forcing 0x53f flag...
[20:48:37.442] CONNECT-HOOK: Redirecting 127.0.0.1:4216 -> 127.0.0.1:3216
[20:48:42.904] AUTH: Slot cleared at 5700 ms
[20:48:42.904] AUTH: OnlineMgr=0x3EC43E70
[20:48:42.904] AUTH: slot=0x0 cave=0
[20:48:42.904] AUTH: Using fake vtable (real not captured)
[20:48:42.904] AUTH: Injected fake request 000000005D3E0000 into slot
[20:48:43.005] AUTH: cave=1 slot=0x0
[20:48:43.005] AUTH: >>> CAVE EXECUTED! Auth code provided! <<<
[20:48:43.005] AUTH: req[+0xd8]=0x99C9930 req[+0xe8]=1
[20:48:43.005] AUTH: state=2. Auth ready.
[20:48:43.005] AUTH: OnlineMgr+0xb10 = 0x3EC4A6E0
[20:48:43.005] AUTH: +0xb10+0xf8 (BlazeHub) = 0x3EC4A960
[20:48:43.005] AUTH: Scanning BlazeHub for ConnectionManager pointers...
[20:48:43.005] AUTH: Found 0 objects with vtables in BlazeHub
[20:48:43.005] AUTH: BlazeHub(000000003EC4A960)+0x53f = 1
[20:48:43.005] AUTH: Applying OSDK patches (post-load)...
[20:48:43.005] PATCHED: GetProfileSync -> return 0 (post-load)
[20:48:43.005] PATCHED: GetSettingSync -> return 0 (post-load)
[20:48:43.005] PATCHED: SetPresence -> return 0 (post-load)
[20:48:43.005] PATCHED: FUN_1472d62a0 (OSDK Logout) -> RET
[20:48:43.005] PATCHED: FUN_14717d5d0 (age check) -> always pass
[20:48:43.005] AUTH: Starting continuous flag enforcer (+0x53f + connState)...

