=== Origin Format Test (format=2) 2026-04-16 19:26:36 ===

--- ORIGIN IPC SERVER ---
[Origin-IPC] Challenge format: 2 (set CHALLENGE_FORMAT=N to change)
[Origin-IPC] Format preview: (silent)
[Origin-IPC] Listening on 127.0.0.1:4216

--- BLAZE SERVER ---
=== FIFA 17 FUT Private Server ===


Waiting for FIFA 17...
hosts: 127.0.0.1 winter15.gosredirector.ea.com

[QOS-UDP] Listening on UDP port 17502
[Redirector-Raw] Listening on port 42230
[Main] Blaze server on port 10041
[HTTP] on port 8080
[Catch] Listening on port 443
[Catch] Listening on port 9988
[Catch] Listening on port 80
[Catch] Listening on port 9946

--- DLL LOG ---
[19:25:05.196] EARLY: Fake SDK object at 00000000001D0000, vtable at 00000000001C0000
[19:25:05.196] EARLY: DAT_144b86bf8 = 0x1D0000 (set BEFORE game init)
[19:25:05.196] === FIFA 17 v96 (EARLY SDK object in DllMain + all patches) ===
[19:25:05.196] PID: 103020
[19:25:05.670] PATCHED: IsLoggedIntoEA -> true
[19:25:05.670] PATCHED: IsLoggedIntoNetwork -> true
[19:25:05.746] SDK GATE: addr=00000001471A5DA0 bytes=48 83 3D 50
[19:25:05.746] PATCHED: SDK gate -> always 1
[19:25:05.746] LOGIN Login: vtable=000000014389F938 [+0x10]=0x146E156A0 bytes=48 8B 41
[19:25:05.746] PATCHED: Login vtable check -> return 1
[19:25:05.746] LOGIN SilentLogin: vtable=000000014389FA70 [+0x10]=0x146E156A0 bytes=B0 01 C3
[19:25:05.758] LOGIN SilentLogin: already patched
[19:25:05.758] LOGIN ExpressLogin: vtable=000000014389FB98 [+0x10]=0x146E156A0 bytes=B0 01 C3
[19:25:05.758] LOGIN ExpressLogin: already patched
[19:25:05.758] PREAUTH_COMPLETION: addr=0000000146E19A00 bytes=48 89 5C 24
[19:25:05.758] PATCHED: FUN_146e19a00 -> immediate RET (no disconnect/cleanup)
[19:25:05.758] PREAUTH_HANDLER: first 128 bytes:
[19:25:05.758]   +00: 48 89 5C 24 08 48 89 74 24 10 55 57 41 56 48 8D
[19:25:05.758]   +10: 6C 24 B9 48 81 EC 90 00 00 00 44 89 C6 49 89 D6
[19:25:05.758]   +20: 48 89 CB 45 85 C0 74 4A 48 8B 41 10 48 83 C1 10
[19:25:05.758]   +30: FF 50 10 84 C0 0F 84 CE 02 00 00 48 8B 4B 08 31
[19:25:05.758]   +40: FF 4C 8D 0D A8 CA FF FF 89 7C 24 38 48 89 5C 24
[19:25:05.758]   +50: 30 48 8D 55 F7 48 81 C1 08 0C 00 00 49 89 D8 89
[19:25:05.758]   +60: 74 24 28 89 74 24 20 E8 F4 B1 FF FF E9 98 02 00
[19:25:05.758]   +70: 00 88 80 65 F7 FC 48 8D 8A B8 00 00 00 4C 8D 45
[19:25:05.758] PREAUTH_HANDLER: Cave at 0000000003120000, 44 bytes (XOR R8D + trampoline)
[19:25:05.758] PATCHED: FUN_146e1cf10 -> XOR R8D,R8D trampoline (always success path)
[19:25:05.758] ORIGIN_CHECK_ONLINE: addr=00000001470E0390 bytes=41 56 48 83
[19:25:05.758] PATCHED: FUN_1470e0390 (OriginCheckOnline) -> always online
[19:25:05.758] GET_GAME_VERSION: addr=00000001470DA720 bytes=48 89 5C 24
[19:25:05.758] PATCHED: FUN_1470da720 (GetGameVersion) -> return 0
[19:25:05.758] VERSION_CMP: addr=0000000145E280B0 bytes=49 89 D1 49
[19:25:05.758] PATCHED: FUN_145e280b0 (version compare) -> always match
[19:25:05.833] PATCHED: cert bypass at 000000014613244B
[19:25:05.871] PATCHED: Origin SDK check at 00000001470A8430
[19:25:05.933] PATCHED: auth flag at 00000001473CE785
[19:25:06.215] ORIGIN-PORT-EARLY: SDK=0x27948F10 port=4216 at 1016 ms
[19:25:06.215] ORIGIN-PORT-EARLY: Patched to 3216

