     ____
    / _  |   Frida 17.9.1 - A world-class dynamic instrumentation toolkit
   | (_| |
    > _  |   Commands:
   /_/ |_|       help      -> Displays the help system
   . . . .       object?   -> Display information about 'object'
   . . . .       exit/quit -> Exit
   . . . .
   . . . .   More info at https://frida.re/docs/home/
   . . . .
   . . . .   Connected to Local System (id=local)
Attaching...
=== PreAuthResponse TDF Member Info Table ===
Table pointer address: 0x144874a90
Table data at: 0x144867628

--- Trying entry size = 24 bytes ---
[ 0] 0600000006000000b412554301000000b412554301000000
     u32: 6 6 435512b4 1
     tag(BE)=!@   tag(LE)=   & tag(u32lo)=   & tag(u32hi)=    
[ 1] a07686440100000003000000000000000000000000000000
     u32: 448676a0 1 3 0
     tag(BE)=H':& tag(LE)=AG:@ tag(u32lo)=AG:@ tag(u32hi)=1(9V
[ 2] 000000000000000000000000000000000000000000000000
     u32: 0 0 0 0
     tag(BE)=     tag(LE)=     tag(u32lo)=     tag(u32hi)=    
[ 3] 000000000000000000000000000000000000000000000000
     u32: 0 0 0 0
     tag(BE)=     tag(LE)=     tag(u32lo)=     tag(u32hi)=    
[ 4] 007686440100000001000000000000000000000000000000
     u32: 44867600 1 1 0
     tag(BE)= ':& tag(LE)=AG8  tag(u32lo)=AG8  tag(u32hi)=1(9V
[ 5] 000000000000000000000000000000000000000000000000
     u32: 0 0 0 0
     tag(BE)=     tag(LE)=     tag(u32lo)=     tag(u32hi)=    
[ 6] 000000000000000000000000000000000000000000000000
     u32: 0 0 0 0
     tag(BE)=     tag(LE)=     tag(u32lo)=     tag(u32hi)=    
[ 7] 000000000000000028768644010000000100000000000000
     u32: 0 0 44867628 1
     tag(BE)=     tag(LE)=     tag(u32lo)=     tag(u32hi)=    
[ 8] 0300000002bf4da7f04b760900000000904b760900000000
     u32: 3 -58b240fe 9764bf0 0
     tag(BE)= P   tag(LE)=   # tag(u32lo)=   # tag(u32hi)=    
[ 9] 2077864401000000d091da46010000002876864401000000
     u32: 44867720 1 46da91d0 1
     tag(BE)=('>& tag(LE)=AG<@ tag(u32lo)=AG<@ tag(u32hi)=1(9W
[10] 0300000000000000500a874401000000b08f864401000000
     u32: 3 0 44870a50 1
     tag(BE)= P   tag(LE)=   # tag(u32lo)=   # tag(u32hi)=    
[11] 000000000000000000000000000000007086894401000000
     u32: 0 0 0 0
     tag(BE)=     tag(LE)=     tag(u32lo)=     tag(u32hi)=    
[12] 788689440100000010edc04401000000e876864401000000
     u32: 44898678 1 44c0ed10 1
     tag(BE)=>(:) tag(LE)=B89X tag(u32lo)=B89X tag(u32hi)=1(F&
[13] 008e928b0000000000000000000000000000000000000000
     u32: -746d7200 0 0 0
     tag(BE)= (Z2 tag(LE)=DHX  tag(u32lo)=DHX  tag(u32hi)=BY*.

--- Trying entry size = 32 bytes ---
[ 0] 0600000006000000b412554301000000b412554301000000a076864401000000
     u32: 6 6 435512b4 1
     tag(BE)=!@   tag(LE)=   & tag(u32lo)=   & tag(u32hi)=    
[ 1] 0300000000000000000000000000000000000000000000000000000000000000
     u32: 3 0 0 0
     tag(BE)= P   tag(LE)=   # tag(u32lo)=   # tag(u32hi)=    
[ 2] 0000000000000000000000000000000000000000000000000000000000000000
     u32: 0 0 0 0
     tag(BE)=     tag(LE)=     tag(u32lo)=     tag(u32hi)=    
[ 3] 0076864401000000010000000000000000000000000000000000000000000000
     u32: 44867600 1 1 0
     tag(BE)= ':& tag(LE)=AG8  tag(u32lo)=AG8  tag(u32hi)=1(9V
[ 4] 0000000000000000000000000000000000000000000000000000000000000000
     u32: 0 0 0 0
     tag(BE)=     tag(LE)=     tag(u32lo)=     tag(u32hi)=    
[ 5] 0000000000000000000000000000000028768644010000000100000000000000
     u32: 0 0 0 0
     tag(BE)=     tag(LE)=     tag(u32lo)=     tag(u32hi)=    
[ 6] 0300000002bf4da7f04b760900000000904b7609000000002077864401000000
     u32: 3 -58b240fe 9764bf0 0
     tag(BE)= P   tag(LE)=   # tag(u32lo)=   # tag(u32hi)=    
[ 7] d091da460100000028768644010000000300000000000000500a874401000000
     u32: 46da91d0 1 44867628 1
     tag(BE)=T)': tag(LE)=VI'0 tag(u32lo)=VI'0 tag(u32hi)=1MJ1
[ 8] b08f864401000000000000000000000000000000000000007086894401000000
     u32: 44868fb0 1 0 0
     tag(BE)=L(^& tag(LE)=AH^P tag(u32lo)=AH^P tag(u32hi)=1(:/
[ 9] 788689440100000010edc04401000000e876864401000000008e928b00000000
     u32: 44898678 1 44c0ed10 1
     tag(BE)=>(:) tag(LE)=B89X tag(u32lo)=B89X tag(u32hi)=1(F&
[10] 00000000000000000000000000000000908a8f87829586808483880194858d01
     u32: 0 0 0 0
     tag(BE)=     tag(LE)=     tag(u32lo)=     tag(u32hi)=    
[11] 8991008193018c000100000000000000801cc24401000000a011c14401000000
     u32: -7eff6e77 8c0193 1 0
     tag(BE)=B9$  tag(LE)= )&) tag(u32lo)= )&) tag(u32hi)=@0"1
[12] 9036c0440100000050edb84401000000a0c9b844010000004032c04401000000
     u32: 44c03690 1 44b8ed50 1
     tag(BE)=D#;  tag(LE)=P#:0 tag(u32lo)=P#:0 tag(u32hi)=1, V
[13] 900a8a440100000010148a4401000000f085b84401000000507e894401000000
     u32: 448a0a90 1 448a1410 1
     tag(BE)=D J* tag(LE)=B@J0 tag(u32lo)=B@J0 tag(u32hi)=1(H*

--- Trying entry size = 40 bytes ---
[ 0] 0600000006000000b412554301000000b412554301000000a0768644010000000300000000000000
     u32: 6 6 435512b4 1
     tag(BE)=!@   tag(LE)=   & tag(u32lo)=   & tag(u32hi)=    
[ 1] 00000000000000000000000000000000000000000000000000000000000000000000000000000000
     u32: 0 0 0 0
     tag(BE)=     tag(LE)=     tag(u32lo)=     tag(u32hi)=    
[ 2] 00000000000000000000000000000000007686440100000001000000000000000000000000000000
     u32: 0 0 0 0
     tag(BE)=     tag(LE)=     tag(u32lo)=     tag(u32hi)=    
[ 3] 00000000000000000000000000000000000000000000000000000000000000000000000000000000
     u32: 0 0 0 0
     tag(BE)=     tag(LE)=     tag(u32lo)=     tag(u32hi)=    
[ 4] 00000000000000000000000000000000287686440100000001000000000000000300000002bf4da7
     u32: 0 0 0 0
     tag(BE)=     tag(LE)=     tag(u32lo)=     tag(u32hi)=    
[ 5] f04b760900000000904b7609000000002077864401000000d091da46010000002876864401000000
     u32: 9764bf0 0 9764b90 0
     tag(BE)=\$MV tag(LE)==DOP tag(u32lo)==DOP tag(u32hi)="79+
[ 6] 0300000000000000500a874401000000b08f86440100000000000000000000000000000000000000
     u32: 3 0 44870a50 1
     tag(BE)= P   tag(LE)=   # tag(u32lo)=   # tag(u32hi)=    
[ 7] 7086894401000000788689440100000010edc04401000000e876864401000000008e928b00000000
     u32: 44898670 1 44898678 1
     tag(BE)=<(:) tag(LE)=B89P tag(u32lo)=B89P tag(u32hi)=1(F&
[ 8] 00000000000000000000000000000000908a8f87829586808483880194858d018991008193018c00
     u32: 0 0 0 0
     tag(BE)=     tag(LE)=     tag(u32lo)=     tag(u32hi)=    
[ 9] 0100000000000000801cc24401000000a011c144010000009036c0440100000050edb84401000000
     u32: 1 0 44c21c80 1
     tag(BE)= 0   tag(LE)=   ! tag(u32lo)=   ! tag(u32hi)=    
[10] a0c9b844010000004032c04401000000900a8a440100000010148a4401000000f085b84401000000
     u32: 44b8c9a0 1 44c03240 1
     tag(BE)=H,FX tag(LE)=N,F@ tag(u32lo)=N,F@ tag(u32hi)=1+C)
[11] 507e89440100000090138a4401000000d013c0440100000020c7b84401000000701ac14401000000
     u32: 44897e50 1 448a1390 1
     tag(BE)=4'Z) tag(LE)=B7Y0 tag(u32lo)=B7Y0 tag(u32hi)=1(E^
[12] 00628844010000002028c044010000005082894401000000209bb8440100000040cec04401000000
     u32: 44886200 1 44c02820 1
     tag(BE)= &*( tag(LE)=B&(  tag(u32lo)=B&(  tag(u32hi)=1(AB
[13] 507c89440100000040cfc04401000000f0eac0440100000090208a44010000004092b84401000000
     u32: 44897c50 1 44c0cf40 1
     tag(BE)=4'R) tag(LE)=B7Q0 tag(u32lo)=B7Q0 tag(u32hi)=1(E\

--- Trying entry size = 48 bytes ---
[ 0] 0600000006000000b412554301000000b412554301000000a07686440100000003000000000000000000000000000000
     u32: 6 6 435512b4 1
     tag(BE)=!@   tag(LE)=   & tag(u32lo)=   & tag(u32hi)=    
[ 1] 000000000000000000000000000000000000000000000000000000000000000000000000000000000000000000000000
     u32: 0 0 0 0
     tag(BE)=     tag(LE)=     tag(u32lo)=     tag(u32hi)=    
[ 2] 007686440100000001000000000000000000000000000000000000000000000000000000000000000000000000000000
     u32: 44867600 1 1 0
     tag(BE)= ':& tag(LE)=AG8  tag(u32lo)=AG8  tag(u32hi)=1(9V
[ 3] 000000000000000000000000000000000000000000000000000000000000000028768644010000000100000000000000
     u32: 0 0 0 0
     tag(BE)=     tag(LE)=     tag(u32lo)=     tag(u32hi)=    
[ 4] 0300000002bf4da7f04b760900000000904b7609000000002077864401000000d091da46010000002876864401000000
     u32: 3 -58b240fe 9764bf0 0
     tag(BE)= P   tag(LE)=   # tag(u32lo)=   # tag(u32hi)=    
[ 5] 0300000000000000500a874401000000b08f864401000000000000000000000000000000000000007086894401000000
     u32: 3 0 44870a50 1
     tag(BE)= P   tag(LE)=   # tag(u32lo)=   # tag(u32hi)=    
[ 6] 788689440100000010edc04401000000e876864401000000008e928b0000000000000000000000000000000000000000
     u32: 44898678 1 44c0ed10 1
     tag(BE)=>(:) tag(LE)=B89X tag(u32lo)=B89X tag(u32hi)=1(F&
[ 7] 908a8f87829586808483880194858d018991008193018c000100000000000000801cc24401000000a011c14401000000
     u32: -78707570 -7f796a7e 1888384 18d8594
     tag(BE)=D(J/ tag(LE)=CXJ0 tag(u32lo)=CXJ0 tag(u32hi)=AX^*
[ 8] 9036c0440100000050edb84401000000a0c9b844010000004032c04401000000900a8a440100000010148a4401000000
     u32: 44c03690 1 44b8ed50 1
     tag(BE)=D#;  tag(LE)=P#:0 tag(u32lo)=P#:0 tag(u32hi)=1, V
[ 9] f085b84401000000507e89440100000090138a4401000000d013c0440100000020c7b84401000000701ac14401000000
     u32: 44b885f0 1 44897e50 1
     tag(BE)=\(6X tag(LE)=N(7P tag(u32lo)=N(7P tag(u32hi)=1+B%
[10] 00628844010000002028c044010000005082894401000000209bb8440100000040cec04401000000507c894401000000
     u32: 44886200 1 44c02820 1
     tag(BE)= &*( tag(LE)=B&(  tag(u32lo)=B&(  tag(u32hi)=1(AB
[11] 40cfc04401000000f0eac0440100000090208a44010000004092b84401000000f00b8744010000009088b84401000000
     u32: 44c0cf40 1 44c0eaf0 1
     tag(BE)=0,_  tag(LE)=P,]  tag(u32lo)=P,]  tag(u32hi)=1,#/
[12] 004c8a440100000080f9c04401000000d014c04401000000d016c04401000000f0d5bf440100000010dbbf4401000000
     u32: 448a4c00 1 44c0f980 1
     tag(BE)= $R* tag(LE)=BDP  tag(u32lo)=BDP  tag(u32hi)=1(I,
[13] c0f8c04401000000802ec04401000000f0d3c04401000000c0d1c04401000000d07e894401000000c0c8c04401000000
     u32: 44c0f8c0 1 44c02e80 1
     tag(BE)=P/C  tag(LE)=P/C  tag(u32lo)=P/C  tag(u32hi)=1,#X

=== Alternative: Read from registration struct ===
Registration struct -> member info at: 0x144874a90
Count: 14

Trying as array of pointers:
[0] ptr=0x144867628
    0600000006000000b412554301000000b412554301000000a07686440100000003000000000000000000000000000000
[1] ptr=0x143895cf0
    61757468656e7469636174696f6e536f7572636500000000636f6d706f6e656e7449647300000000636c69656e744964
[2] ptr=0x0
[3] ptr=0x0
[4] ptr=0x41873ca300
    read err
[5] ptr=0x1d8
[6] ptr=0x144875ef0
    030000003be539c2f04c760900000000004d760900000000305f874401000000a012df460100000018d7864401000000
[7] ptr=0x143895d08
    636f6d706f6e656e7449647300000000636c69656e7449640000000000000000656e7469746c656d656e74536f757263
[8] ptr=0x0
[9] ptr=0x0
[10] ptr=0x8e993300
[11] ptr=0x70
[12] ptr=0x144867628
    0600000006000000b412554301000000b412554301000000a07686440100000003000000000000000000000000000000
[13] ptr=0x143895d18
    636c69656e7449640000000000000000656e7469746c656d656e74536f7572636500000000000000756e646572616765

=== Done ===
[Local::PID::109104 ]-> 